0 info it worked if it ends with ok
1 verbose cli [ 'node', '/usr/local/bin/npm', 'publish' ]
2 info using npm@2.5.1
3 info using node@v0.12.0
4 verbose node symlink /usr/local/bin/node
5 verbose publish [ '.' ]
6 silly cache add args [ '.', null ]
7 verbose cache add spec .
8 silly cache add parsed spec { raw: '.',
8 silly cache add   scope: null,
8 silly cache add   name: null,
8 silly cache add   rawSpec: '.',
8 silly cache add   spec: '/Users/thomashoffmann/Documents/Projects/node/ocrservice-ui',
8 silly cache add   type: 'directory' }
9 verbose addLocalDirectory /Users/thomashoffmann/.npm/ocrservice-ui/0.0.1/package.tgz not in flight; packing
10 verbose tar pack [ '/Users/thomashoffmann/.npm/ocrservice-ui/0.0.1/package.tgz',
10 verbose tar pack   '/Users/thomashoffmann/Documents/Projects/node/ocrservice-ui' ]
11 verbose tarball /Users/thomashoffmann/.npm/ocrservice-ui/0.0.1/package.tgz
12 verbose folder /Users/thomashoffmann/Documents/Projects/node/ocrservice-ui
13 info prepublish ocrservice-ui@0.0.1
14 verbose addLocalTarball adding from inside cache /Users/thomashoffmann/.npm/ocrservice-ui/0.0.1/package.tgz
15 silly cache afterAdd ocrservice-ui@0.0.1
16 verbose afterAdd /Users/thomashoffmann/.npm/ocrservice-ui/0.0.1/package/package.json not in flight; writing
17 verbose afterAdd /Users/thomashoffmann/.npm/ocrservice-ui/0.0.1/package/package.json written
18 silly publish { name: 'ocrservice-ui',
18 silly publish   description: 'ocrservice ui',
18 silly publish   homepage: 'https://github.com/tualo/ocrservice-ui',
18 silly publish   main: 'ui/index.html',
18 silly publish   bin: { 'ocrservice-ui': './bin/ocrservice-ui' },
18 silly publish   version: '0.0.1',
18 silly publish   engines: { node: '>=0.12.0' },
18 silly publish   window: { toolbar: false, width: 1024, height: 600 },
18 silly publish   'chromium-args': '--disable-web-security',
18 silly publish   keywords: [ 'gige' ],
18 silly publish   author: '',
18 silly publish   maintainers:
18 silly publish    [ { name: 'Thomas Hoffmann',
18 silly publish        email: 'thomas.hoffmann@tualo.de',
18 silly publish        url: 'http://tualo.de/' } ],
18 silly publish   repository:
18 silly publish    { type: 'git',
18 silly publish      url: 'https://github.com/tualo/ocrservice-ui.git' },
18 silly publish   readmeFilename: 'README.md',
18 silly publish   dependencies:
18 silly publish    { commander: '2.8.0',
18 silly publish      udpfindme: '*',
18 silly publish      nw: '*',
18 silly publish      colors: '*',
18 silly publish      less: '*' },
18 silly publish   readme: '#ocrservice-ui',
18 silly publish   gitHead: '3a009235773f413d7eeac49636e0ab1ef444c932',
18 silly publish   bugs: { url: 'https://github.com/tualo/ocrservice-ui/issues' },
18 silly publish   _id: 'ocrservice-ui@0.0.1',
18 silly publish   scripts: {},
18 silly publish   _shasum: 'c8c55921a3c87ea3d599bc91790a3a40499a9352',
18 silly publish   _from: '.' }
19 silly mapToRegistry name ocrservice-ui
20 silly mapToRegistry using default registry
21 silly mapToRegistry registry https://registry.npmjs.org/
22 silly mapToRegistry uri https://registry.npmjs.org/ocrservice-ui
23 verbose publish registryBase https://registry.npmjs.org/
24 silly publish uploading /Users/thomashoffmann/.npm/ocrservice-ui/0.0.1/package.tgz
25 verbose request uri https://registry.npmjs.org/ocrservice-ui
26 verbose request sending authorization for write operation
27 info attempt registry request try #1 at 14:28:10
28 verbose request id 2737e61e5ace7381
29 http request PUT https://registry.npmjs.org/ocrservice-ui
30 http 403 https://registry.npmjs.org/ocrservice-ui
31 verbose headers { 'content-type': 'application/json',
31 verbose headers   'cache-control': 'max-age=60',
31 verbose headers   'content-length': '95',
31 verbose headers   'accept-ranges': 'bytes',
31 verbose headers   date: 'Fri, 19 Jun 2015 12:28:12 GMT',
31 verbose headers   via: '1.1 varnish',
31 verbose headers   connection: 'keep-alive',
31 verbose headers   'x-served-by': 'cache-fra1230-FRA',
31 verbose headers   'x-cache': 'MISS',
31 verbose headers   'x-cache-hits': '0',
31 verbose headers   'x-timer': 'S1434716891.537854,VS0,VE736' }
32 verbose request invalidating /Users/thomashoffmann/.npm/registry.npmjs.org/ocrservice-ui on PUT
33 error publish Failed PUT 403
34 verbose stack Error: "You cannot publish over the previously published version 0.0.1." : ocrservice-ui
34 verbose stack     at CachingRegistryClient.<anonymous> (/usr/local/lib/node_modules/npm/node_modules/npm-registry-client/lib/request.js:254:14)
34 verbose stack     at Request._callback (/usr/local/lib/node_modules/npm/node_modules/npm-registry-client/lib/request.js:178:14)
34 verbose stack     at Request.self.callback (/usr/local/lib/node_modules/npm/node_modules/request/request.js:344:22)
34 verbose stack     at Request.emit (events.js:110:17)
34 verbose stack     at Request.<anonymous> (/usr/local/lib/node_modules/npm/node_modules/request/request.js:1239:14)
34 verbose stack     at Request.emit (events.js:129:20)
34 verbose stack     at IncomingMessage.<anonymous> (/usr/local/lib/node_modules/npm/node_modules/request/request.js:1187:12)
34 verbose stack     at IncomingMessage.emit (events.js:129:20)
34 verbose stack     at _stream_readable.js:908:16
34 verbose stack     at process._tickCallback (node.js:355:11)
35 verbose statusCode 403
36 verbose pkgid ocrservice-ui
37 verbose cwd /Users/thomashoffmann/Documents/Projects/node/ocrservice-ui
38 error Darwin 14.3.0
39 error argv "node" "/usr/local/bin/npm" "publish"
40 error node v0.12.0
41 error npm  v2.5.1
42 error code E403
43 error "You cannot publish over the previously published version 0.0.1." : ocrservice-ui
44 error If you need help, you may report this error at:
44 error     <http://github.com/npm/npm/issues>
45 verbose exit [ 1, true ]
